d:\desktop\proiect\projectopengl\projectopengl\x64\debug\vc142.pdb
d:\desktop\proiect\projectopengl\projectopengl\x64\debug\vc142.idb
d:\desktop\proiect\projectopengl\projectopengl\x64\debug\tiny_obj_loader.obj
d:\desktop\proiect\projectopengl\projectopengl\x64\debug\stb_image.obj
d:\desktop\proiect\projectopengl\projectopengl\x64\debug\shader.obj
d:\desktop\proiect\projectopengl\projectopengl\x64\debug\model3d.obj
d:\desktop\proiect\projectopengl\projectopengl\x64\debug\mesh.obj
d:\desktop\proiect\projectopengl\projectopengl\x64\debug\main.obj
d:\desktop\proiect\projectopengl\projectopengl\x64\debug\camera.obj
d:\desktop\proiect\projectopengl\projectopengl\x64\debug\skybox.obj
d:\desktop\proiect\projectopengl\x64\debug\projectopengl.pdb
d:\desktop\proiect\projectopengl\projectopengl\x64\debug\projectopengl.tlog\cl.command.1.tlog
d:\desktop\proiect\projectopengl\projectopengl\x64\debug\projectopengl.tlog\cl.read.1.tlog
d:\desktop\proiect\projectopengl\projectopengl\x64\debug\projectopengl.tlog\cl.write.1.tlog
d:\desktop\proiect\projectopengl\projectopengl\x64\debug\projectopengl.tlog\link-cvtres.read.1.tlog
d:\desktop\proiect\projectopengl\projectopengl\x64\debug\projectopengl.tlog\link-cvtres.write.1.tlog
d:\desktop\proiect\projectopengl\projectopengl\x64\debug\projectopengl.tlog\link-rc.read.1.tlog
d:\desktop\proiect\projectopengl\projectopengl\x64\debug\projectopengl.tlog\link-rc.write.1.tlog
d:\desktop\proiect\projectopengl\projectopengl\x64\debug\projectopengl.tlog\link.command.1.tlog
d:\desktop\proiect\projectopengl\projectopengl\x64\debug\projectopengl.tlog\link.read.1.tlog
d:\desktop\proiect\projectopengl\projectopengl\x64\debug\projectopengl.tlog\link.write.1.tlog
