SkyBox.obj : error LNK2001: unresolved external symbol __glewActiveTexture
main.obj : error LNK2001: unresolved external symbol __glewActiveTexture
SkyBox.obj : error LNK2001: unresolved external symbol __glewBindBuffer
SkyBox.obj : error LNK2001: unresolved external symbol __glewBufferData
SkyBox.obj : error LNK2001: unresolved external symbol __glewGenBuffers
SkyBox.obj : error LNK2001: unresolved external symbol __glewEnableVertexAttribArray
SkyBox.obj : error LNK2001: unresolved external symbol __glewGetUniformLocation
main.obj : error LNK2001: unresolved external symbol __glewGetUniformLocation
SkyBox.obj : error LNK2001: unresolved external symbol __glewUniform1i
main.obj : error LNK2001: unresolved external symbol __glewUniform1i
SkyBox.obj : error LNK2001: unresolved external symbol __glewUniformMatrix4fv
main.obj : error LNK2001: unresolved external symbol __glewUniformMatrix4fv
SkyBox.obj : error LNK2001: unresolved external symbol __glewVertexAttribPointer
SkyBox.obj : error LNK2001: unresolved external symbol __glewBindVertexArray
SkyBox.obj : error LNK2001: unresolved external symbol __glewGenVertexArrays
main.obj : error LNK2019: unresolved external symbol glewInit referenced in function "bool __cdecl initOpenGLWindow(void)" (?initOpenGLWindow@@YA_NXZ)
main.obj : error LNK2019: unresolved external symbol glfwInit referenced in function "bool __cdecl initOpenGLWindow(void)" (?initOpenGLWindow@@YA_NXZ)
main.obj : error LNK2019: unresolved external symbol glfwTerminate referenced in function "void __cdecl cleanup(void)" (?cleanup@@YAXXZ)
main.obj : error LNK2019: unresolved external symbol glfwWindowHint referenced in function "bool __cdecl initOpenGLWindow(void)" (?initOpenGLWindow@@YA_NXZ)
main.obj : error LNK2019: unresolved external symbol glfwCreateWindow referenced in function "bool __cdecl initOpenGLWindow(void)" (?initOpenGLWindow@@YA_NXZ)
main.obj : error LNK2019: unresolved external symbol glfwDestroyWindow referenced in function "void __cdecl cleanup(void)" (?cleanup@@YAXXZ)
main.obj : error LNK2019: unresolved external symbol glfwWindowShouldClose referenced in function main
main.obj : error LNK2019: unresolved external symbol glfwSetWindowShouldClose referenced in function "void __cdecl keyboardCallback(struct GLFWwindow *,int,int,int,int)" (?keyboardCallback@@YAXPEAUGLFWwindow@@HHHH@Z)
main.obj : error LNK2019: unresolved external symbol glfwGetFramebufferSize referenced in function "bool __cdecl initOpenGLWindow(void)" (?initOpenGLWindow@@YA_NXZ)
main.obj : error LNK2019: unresolved external symbol glfwSetWindowSizeCallback referenced in function "bool __cdecl initOpenGLWindow(void)" (?initOpenGLWindow@@YA_NXZ)
main.obj : error LNK2019: unresolved external symbol glfwPollEvents referenced in function main
main.obj : error LNK2019: unresolved external symbol glfwSetInputMode referenced in function "bool __cdecl initOpenGLWindow(void)" (?initOpenGLWindow@@YA_NXZ)
main.obj : error LNK2019: unresolved external symbol glfwSetKeyCallback referenced in function "bool __cdecl initOpenGLWindow(void)" (?initOpenGLWindow@@YA_NXZ)
main.obj : error LNK2019: unresolved external symbol glfwSetCursorPosCallback referenced in function "bool __cdecl initOpenGLWindow(void)" (?initOpenGLWindow@@YA_NXZ)
main.obj : error LNK2019: unresolved external symbol glfwSetScrollCallback referenced in function "bool __cdecl initOpenGLWindow(void)" (?initOpenGLWindow@@YA_NXZ)
main.obj : error LNK2019: unresolved external symbol glfwMakeContextCurrent referenced in function "bool __cdecl initOpenGLWindow(void)" (?initOpenGLWindow@@YA_NXZ)
main.obj : error LNK2019: unresolved external symbol glfwSwapBuffers referenced in function main
main.obj : error LNK2019: unresolved external symbol glfwSwapInterval referenced in function "bool __cdecl initOpenGLWindow(void)" (?initOpenGLWindow@@YA_NXZ)
main.obj : error LNK2001: unresolved external symbol __glewUniform3fv
main.obj : error LNK2001: unresolved external symbol __glewUniformMatrix3fv
main.obj : error LNK2001: unresolved external symbol __glewBindFramebuffer
main.obj : error LNK2001: unresolved external symbol __glewDeleteFramebuffers
main.obj : error LNK2001: unresolved external symbol __glewFramebufferTexture2D
main.obj : error LNK2001: unresolved external symbol __glewGenFramebuffers
main.obj : error LNK2001: unresolved external symbol glewExperimental
Mesh.obj : error LNK2001: unresolved external symbol __imp___glewActiveTexture
Mesh.obj : error LNK2001: unresolved external symbol __imp___glewBindBuffer
Mesh.obj : error LNK2001: unresolved external symbol __imp___glewBufferData
Mesh.obj : error LNK2001: unresolved external symbol __imp___glewGenBuffers
Mesh.obj : error LNK2001: unresolved external symbol __imp___glewEnableVertexAttribArray
Mesh.obj : error LNK2001: unresolved external symbol __imp___glewGetUniformLocation
Mesh.obj : error LNK2001: unresolved external symbol __imp___glewUniform1i
Mesh.obj : error LNK2001: unresolved external symbol __imp___glewVertexAttribPointer
Mesh.obj : error LNK2001: unresolved external symbol __imp___glewBindVertexArray
Mesh.obj : error LNK2001: unresolved external symbol __imp___glewGenVertexArrays
Model3D.obj : error LNK2001: unresolved external symbol __imp___glewDeleteBuffers
Model3D.obj : error LNK2001: unresolved external symbol __imp___glewGenerateMipmap
Model3D.obj : error LNK2001: unresolved external symbol __imp___glewDeleteVertexArrays
Shader.obj : error LNK2001: unresolved external symbol __glewAttachShader
Shader.obj : error LNK2001: unresolved external symbol __glewCompileShader
Shader.obj : error LNK2001: unresolved external symbol __glewCreateProgram
Shader.obj : error LNK2001: unresolved external symbol __glewCreateShader
Shader.obj : error LNK2001: unresolved external symbol __glewDeleteShader
Shader.obj : error LNK2001: unresolved external symbol __glewGetProgramInfoLog
Shader.obj : error LNK2001: unresolved external symbol __glewGetProgramiv
Shader.obj : error LNK2001: unresolved external symbol __glewGetShaderInfoLog
Shader.obj : error LNK2001: unresolved external symbol __glewGetShaderiv
Shader.obj : error LNK2001: unresolved external symbol __glewLinkProgram
Shader.obj : error LNK2001: unresolved external symbol __glewShaderSource
Shader.obj : error LNK2001: unresolved external symbol __glewUseProgram
D:\Desktop\Proiect\ProjectOpenGL\\..\Resources\GLEW\lib\Release\Win32\glew32s.lib : warning LNK4272: library machine type 'x86' conflicts with target machine type 'x64'
D:\Desktop\Proiect\ProjectOpenGL\\..\Resources\GLFW\lib-vc2019\glfw3.lib : warning LNK4272: library machine type 'x86' conflicts with target machine type 'x64'
D:\Desktop\Proiect\ProjectOpenGL\x64\Debug\ProjectOpenGL.exe : fatal error LNK1120: 61 unresolved externals
